<?xml version="1.0" encoding="UTF-8"?>
<!-- Generated by org.testng.reporters.JUnitXMLReporter -->
<testsuite ignored="0" hostname="DESKTOP-9DCGG30" failures="1" tests="3" name="Test" time="7.815" errors="0" timestamp="2023-08-26T01:34:42 IST">
  <testcase classname="com.govtech.testcases.UserStory1" name="VerifyClassHeroExist" time="4.112"/>
  <testcase classname="com.govtech.testcases.UserStory1" name="createWrokingClassHero" time="0.823"/>
  <testcase classname="com.govtech.testcases.UserStory1" name="verifyRecordInDB" time="0.004">
    <failure type="java.lang.NullPointerException" message="Cannot invoke &amp;quot;java.sql.Connection.createStatement()&amp;quot; because &amp;quot;com.govtech.assignment.DbConnection.con&amp;quot; is null">
      <![CDATA[java.lang.NullPointerException: Cannot invoke "java.sql.Connection.createStatement()" because "com.govtech.assignment.DbConnection.con" is null
at com.govtech.assignment.DbConnection.runQuery(DbConnection.java:27)
at com.govtech.testcases.UserStory1.verifyRecordInDB(UserStory1.java:68)
at java.base/java.util.ArrayList.forEach(ArrayList.java:1511)
... Removed 27 stack frames]]>
    </failure>
  </testcase> <!-- verifyRecordInDB -->
</testsuite> <!-- Test -->
