<?xml version="1.0" encoding="UTF-8"?>
<testng-results ignored="0" total="3" passed="2" failed="1" skipped="0">
  <reporter-output>
  </reporter-output>
  <suite started-at="2023-08-26T01:34:34 IST" name="Suite" finished-at="2023-08-26T01:34:42 IST" duration-ms="7815">
    <groups>
    </groups>
    <test started-at="2023-08-26T01:34:34 IST" name="Test" finished-at="2023-08-26T01:34:42 IST" duration-ms="7815">
      <class name="com.govtech.testcases.UserStory1">
        <test-method is-config="true" signature="loadConfig()[pri:0, instance:com.govtech.testcases.UserStory1@4f2b503c]" started-at="2023-08-26T01:34:34 IST" name="loadConfig" finished-at="2023-08-26T01:34:34 IST" duration-ms="18" status="PASS">
          <reporter-output>
          </reporter-output>
        </test-method> <!-- loadConfig -->
        <test-method is-config="true" signature="launchApp()[pri:0, instance:com.govtech.testcases.UserStory1@4f2b503c]" started-at="2023-08-26T01:34:34 IST" name="launchApp" finished-at="2023-08-26T01:34:37 IST" duration-ms="2608" status="PASS">
          <reporter-output>
          </reporter-output>
        </test-method> <!-- launchApp -->
        <test-method signature="VerifyClassHeroExist()[pri:0, instance:com.govtech.testcases.UserStory1@4f2b503c]" started-at="2023-08-26T01:34:37 IST" name="VerifyClassHeroExist" finished-at="2023-08-26T01:34:41 IST" duration-ms="4112" status="PASS">
          <reporter-output>
          </reporter-output>
        </test-method> <!-- VerifyClassHeroExist -->
        <test-method signature="createWrokingClassHero()[pri:0, instance:com.govtech.testcases.UserStory1@4f2b503c]" started-at="2023-08-26T01:34:41 IST" name="createWrokingClassHero" finished-at="2023-08-26T01:34:42 IST" duration-ms="823" status="PASS">
          <reporter-output>
          </reporter-output>
        </test-method> <!-- createWrokingClassHero -->
        <test-method signature="verifyRecordInDB()[pri:0, instance:com.govtech.testcases.UserStory1@4f2b503c]" started-at="2023-08-26T01:34:42 IST" name="verifyRecordInDB" finished-at="2023-08-26T01:34:42 IST" duration-ms="4" status="FAIL">
          <exception class="java.lang.NullPointerException">
            <message>
              <![CDATA[Cannot invoke "java.sql.Connection.createStatement()" because "com.govtech.assignment.DbConnection.con" is null]]>
            </message>
            <full-stacktrace>
              <![CDATA[java.lang.NullPointerException: Cannot invoke "java.sql.Connection.createStatement()" because "com.govtech.assignment.DbConnection.con" is null
at com.govtech.assignment.DbConnection.runQuery(DbConnection.java:27)
at com.govtech.testcases.UserStory1.verifyRecordInDB(UserStory1.java:68)
at java.base/jdk.internal.reflect.NativeMethodAccessorImpl.invoke0(Native Method)
at java.base/jdk.internal.reflect.NativeMethodAccessorImpl.invoke(NativeMethodAccessorImpl.java:77)
at java.base/jdk.internal.reflect.DelegatingMethodAccessorImpl.invoke(DelegatingMethodAccessorImpl.java:43)
at java.base/java.lang.reflect.Method.invoke(Method.java:568)
at org.testng.internal.MethodInvocationHelper.invokeMethod(MethodInvocationHelper.java:134)
at org.testng.internal.TestInvoker.invokeMethod(TestInvoker.java:597)
at org.testng.internal.TestInvoker.invokeTestMethod(TestInvoker.java:173)
at org.testng.internal.MethodRunner.runInSequence(MethodRunner.java:46)
at org.testng.internal.TestInvoker$MethodInvocationAgent.invoke(TestInvoker.java:816)
at org.testng.internal.TestInvoker.invokeTestMethods(TestInvoker.java:146)
at org.testng.internal.TestMethodWorker.invokeTestMethods(TestMethodWorker.java:146)
at org.testng.internal.TestMethodWorker.run(TestMethodWorker.java:128)
at java.base/java.util.ArrayList.forEach(ArrayList.java:1511)
at org.testng.TestRunner.privateRun(TestRunner.java:766)
at org.testng.TestRunner.run(TestRunner.java:587)
at org.testng.SuiteRunner.runTest(SuiteRunner.java:384)
at org.testng.SuiteRunner.runSequentially(SuiteRunner.java:378)
at org.testng.SuiteRunner.privateRun(SuiteRunner.java:337)
at org.testng.SuiteRunner.run(SuiteRunner.java:286)
at org.testng.SuiteRunnerWorker.runSuite(SuiteRunnerWorker.java:53)
at org.testng.SuiteRunnerWorker.run(SuiteRunnerWorker.java:96)
at org.testng.TestNG.runSuitesSequentially(TestNG.java:1187)
at org.testng.TestNG.runSuitesLocally(TestNG.java:1109)
at org.testng.TestNG.runSuites(TestNG.java:1039)
at org.testng.TestNG.run(TestNG.java:1007)
at org.testng.remote.AbstractRemoteTestNG.run(AbstractRemoteTestNG.java:115)
at org.testng.remote.RemoteTestNG.initAndRun(RemoteTestNG.java:251)
at org.testng.remote.RemoteTestNG.main(RemoteTestNG.java:77)
]]>
            </full-stacktrace>
          </exception> <!-- java.lang.NullPointerException -->
          <reporter-output>
          </reporter-output>
        </test-method> <!-- verifyRecordInDB -->
        <test-method is-config="true" signature="closeDriver()[pri:0, instance:com.govtech.testcases.UserStory1@4f2b503c]" started-at="2023-08-26T01:34:42 IST" name="closeDriver" finished-at="2023-08-26T01:34:42 IST" duration-ms="180" status="PASS">
          <reporter-output>
          </reporter-output>
        </test-method> <!-- closeDriver -->
      </class> <!-- com.govtech.testcases.UserStory1 -->
    </test> <!-- Test -->
  </suite> <!-- Suite -->
</testng-results>
